<?xml version="1.0" encoding="UTF-8"?>
<!-- Generated by org.testng.reporters.JUnitReportReporter -->
<testsuite hostname="User-225" failures="0" tests="1" name="TestCases.TC016_MsoCreatePricing" time="15.796" errors="0" timestamp="2024-11-07T19:27:59 IST" skipped="0">
  <testcase classname="TestCases.TC016_MsoCreatePricing" name="msoPricingPageTest" time="15.796"/>
</testsuite> <!-- TestCases.TC016_MsoCreatePricing -->
