<?xml version="1.0" encoding="UTF-8"?>
<!-- Generated by org.testng.reporters.JUnitReportReporter -->
<testsuite hostname="User-225" failures="0" tests="1" name="TestCases.TC003_AdminLogin" time="11.573" errors="0" timestamp="2024-11-07T19:39:29 IST" skipped="0">
  <testcase classname="TestCases.TC003_AdminLogin" name="adminLoginTest" time="11.573"/>
</testsuite> <!-- TestCases.TC003_AdminLogin -->
