<?xml version="1.0" encoding="UTF-8"?>
<!-- Generated by org.testng.reporters.JUnitReportReporter -->
<testsuite hostname="User-225" failures="0" tests="1" name="TestCases.TC003_AdminLogin" time="9.977" errors="0" timestamp="2024-11-06T19:50:11 IST" skipped="0">
  <testcase classname="TestCases.TC003_AdminLogin" name="adminLoginTest" time="9.977"/>
</testsuite> <!-- TestCases.TC003_AdminLogin -->
