<?xml version="1.0" encoding="UTF-8"?>
<!-- Generated by org.testng.reporters.JUnitReportReporter -->
<testsuite hostname="User-225" failures="0" tests="1" name="TestCases.TC012_MsoLogin" time="9.274" errors="0" timestamp="2024-11-06T19:50:11 IST" skipped="0">
  <testcase classname="TestCases.TC012_MsoLogin" name="msoLoginTest" time="9.274"/>
</testsuite> <!-- TestCases.TC012_MsoLogin -->
