<?xml version="1.0" encoding="UTF-8"?>
<!-- Generated by org.testng.reporters.JUnitReportReporter -->
<testsuite hostname="User-225" failures="0" tests="1" name="TestCases.TC011_AdminLogout" time="10.052" errors="0" timestamp="2024-11-06T19:50:11 IST" skipped="0">
  <testcase classname="TestCases.TC011_AdminLogout" name="adminLogoutTest" time="10.052"/>
</testsuite> <!-- TestCases.TC011_AdminLogout -->
