<?xml version="1.0" encoding="UTF-8"?>
<!-- Generated by org.testng.reporters.JUnitReportReporter -->
<testsuite hostname="User-225" failures="0" tests="1" name="TestCases.TC019_MsoStandardPlans" time="16.094" errors="0" timestamp="2024-11-07T12:32:22 IST" skipped="0">
  <testcase classname="TestCases.TC019_MsoStandardPlans" name="msoStandardPlansPageTest" time="16.094"/>
</testsuite> <!-- TestCases.TC019_MsoStandardPlans -->
